0
0
0
0
1
-513
177
-655
736
939
0
47
676
2282
2100
1067
65
24
2234
2005
2120
-46
32
30
1090
1023
2307
1928
1178
6231
4400
5604
1087
1087
21
3384
1
670
6184
7368
4820
6206
1154
3
3435
8692
141
1021
2995
2145
2255
1159
2863
2887
2342
1160
5587
7604
3632
12
6243
72
9
12133
10954
6521
30
4886
4781
1920
2085
4807
3670
-456
5459
1041
1124
1108
11965
624
28
1715
7346
120
1115
5803
1046
10366
33
5138
5286
8150
8056
997
4824
186
10652
996
2
186
407
427
18558
3607
3457
17844
23
16
542
14176
10169
250
5226
2630
14753
2062
6920
3604
1194
17084
13502
3967
4183
5673
12394
7753
13956
7821
6802
13342
8436
1148
163
1149
12951
26174
12537
5
19313
67
22442
3501
7918
23790
8982
7817
16213
14996
4194
16464
996
27
8995
25866
30
19828
6648
7722
8733
1070
10036
6359
29563
1
8720
13856
2823
3951
1605
6116
4165
11432
31292
13000
3272
24095
35864
11610
6971
10819
867
26824
6312
7905
23889
24365
21676
24944
14164
9670
29778
8
23641
6875
32879
8309
8338
7565
2448
11875
1652
21159
5321
2358
23191
6185
36094
36
2645
18588
2371
5
9606
21451
5925
4
49798
11686
7047
180
18702
14290
26180
34931
24110
14480
243
764
9502
19177
5072
1890
156
14523
21343
33458
11551
40231
6263
10724
13377
1698
5763
17964
2289
8348
2766
11821
8936
28287
16410
1334
2850
8778
31856
30997
2702
37312
1766
43296
14656
10609
1325
20746
1
12518
11184
5
5984
9728
18443
2171
34787
11722
2582
1343
18507
2156
3559
13655
13850
32748
5149
23792
17809
13940
167
11512
11687
11
20699
38685
31018
23599
20783
